{"/home/victor/Новая Работа/Тестовое Спутник/todo-list-sputnik/src/vite-env.d.ts": {"path":"/home/victor/Новая Работа/Тестовое Спутник/todo-list-sputnik/src/vite-env.d.ts","statementMap":{},"fnMap":{},"branchMap":{},"s":{},"f":{},"b":{}}
,"/home/victor/Новая Работа/Тестовое Спутник/todo-list-sputnik/src/components/App/App.styles.ts": {"path":"/home/victor/Новая Работа/Тестовое Спутник/todo-list-sputnik/src/components/App/App.styles.ts","statementMap":{"0":{"start":{"line":1,"column":0},"end":{"line":1,"column":39}},"1":{"start":{"line":3,"column":19},"end":{"line":10,"column":2}},"2":{"start":{"line":24,"column":9},"end":{"line":24,"column":19}},"3":{"start":{"line":12,"column":16},"end":{"line":22,"column":2}},"4":{"start":{"line":24,"column":21},"end":{"line":24,"column":28}}},"fnMap":{},"branchMap":{},"s":{"0":0,"1":0,"2":0,"3":0,"4":0},"f":{},"b":{}}
,"/home/victor/Новая Работа/Тестовое Спутник/todo-list-sputnik/src/components/Header/Header.styles.ts": {"path":"/home/victor/Новая Работа/Тестовое Спутник/todo-list-sputnik/src/components/Header/Header.styles.ts","statementMap":{"0":{"start":{"line":1,"column":0},"end":{"line":1,"column":28}},"1":{"start":{"line":2,"column":0},"end":{"line":2,"column":39}},"2":{"start":{"line":4,"column":16},"end":{"line":6,"column":2}},"3":{"start":{"line":38,"column":9},"end":{"line":38,"column":16}},"4":{"start":{"line":8,"column":19},"end":{"line":36,"column":2}},"5":{"start":{"line":38,"column":18},"end":{"line":38,"column":28}}},"fnMap":{},"branchMap":{},"s":{"0":0,"1":0,"2":0,"3":0,"4":0,"5":0},"f":{},"b":{}}
,"/home/victor/Новая Работа/Тестовое Спутник/todo-list-sputnik/src/components/MainContent/MainContent.styles.ts": {"path":"/home/victor/Новая Работа/Тестовое Спутник/todo-list-sputnik/src/components/MainContent/MainContent.styles.ts","statementMap":{"0":{"start":{"line":1,"column":0},"end":{"line":1,"column":43}},"1":{"start":{"line":3,"column":16},"end":{"line":8,"column":2}},"2":{"start":{"line":25,"column":9},"end":{"line":25,"column":16}},"3":{"start":{"line":10,"column":20},"end":{"line":14,"column":2}},"4":{"start":{"line":25,"column":18},"end":{"line":25,"column":29}},"5":{"start":{"line":16,"column":23},"end":{"line":23,"column":2}},"6":{"start":{"line":25,"column":31},"end":{"line":25,"column":45}}},"fnMap":{},"branchMap":{},"s":{"0":0,"1":0,"2":0,"3":0,"4":0,"5":0,"6":0},"f":{},"b":{}}
,"/home/victor/Новая Работа/Тестовое Спутник/todo-list-sputnik/src/components/Task/Task.styles.ts": {"path":"/home/victor/Новая Работа/Тестовое Спутник/todo-list-sputnik/src/components/Task/Task.styles.ts","statementMap":{"0":{"start":{"line":1,"column":0},"end":{"line":1,"column":37}},"1":{"start":{"line":2,"column":0},"end":{"line":2,"column":43}},"2":{"start":{"line":4,"column":16},"end":{"line":16,"column":2}},"3":{"start":{"line":108,"column":2},"end":{"line":108,"column":9}},"4":{"start":{"line":18,"column":20},"end":{"line":23,"column":2}},"5":{"start":{"line":109,"column":2},"end":{"line":109,"column":13}},"6":{"start":{"line":25,"column":20},"end":{"line":28,"column":2}},"7":{"start":{"line":110,"column":2},"end":{"line":110,"column":13}},"8":{"start":{"line":30,"column":19},"end":{"line":30,"column":34}},"9":{"start":{"line":111,"column":2},"end":{"line":111,"column":12}},"10":{"start":{"line":32,"column":20},"end":{"line":36,"column":2}},"11":{"start":{"line":112,"column":2},"end":{"line":112,"column":13}},"12":{"start":{"line":38,"column":15},"end":{"line":38,"column":26}},"13":{"start":{"line":113,"column":2},"end":{"line":113,"column":8}},"14":{"start":{"line":40,"column":20},"end":{"line":40,"column":30}},"15":{"start":{"line":114,"column":2},"end":{"line":114,"column":13}},"16":{"start":{"line":42,"column":20},"end":{"line":59,"column":2}},"17":{"start":{"line":115,"column":2},"end":{"line":115,"column":13}},"18":{"start":{"line":61,"column":19},"end":{"line":81,"column":2}},"19":{"start":{"line":116,"column":2},"end":{"line":116,"column":12}},"20":{"start":{"line":83,"column":19},"end":{"line":93,"column":2}},"21":{"start":{"line":117,"column":2},"end":{"line":117,"column":12}},"22":{"start":{"line":95,"column":21},"end":{"line":105,"column":2}},"23":{"start":{"line":118,"column":2},"end":{"line":118,"column":14}}},"fnMap":{},"branchMap":{},"s":{"0":0,"1":0,"2":0,"3":0,"4":0,"5":0,"6":0,"7":0,"8":0,"9":0,"10":0,"11":0,"12":0,"13":0,"14":0,"15":0,"16":0,"17":0,"18":0,"19":0,"20":0,"21":0,"22":0,"23":0},"f":{},"b":{}}
,"/home/victor/Новая Работа/Тестовое Спутник/todo-list-sputnik/src/components/Task/TaskCreateMode/TaskCreateMode.styles.ts": {"path":"/home/victor/Новая Работа/Тестовое Спутник/todo-list-sputnik/src/components/Task/TaskCreateMode/TaskCreateMode.styles.ts","statementMap":{"0":{"start":{"line":1,"column":0},"end":{"line":1,"column":29}},"1":{"start":{"line":2,"column":0},"end":{"line":2,"column":43}},"2":{"start":{"line":4,"column":25},"end":{"line":6,"column":2}},"3":{"start":{"line":14,"column":9},"end":{"line":14,"column":25}},"4":{"start":{"line":8,"column":17},"end":{"line":12,"column":2}},"5":{"start":{"line":14,"column":27},"end":{"line":14,"column":35}}},"fnMap":{},"branchMap":{},"s":{"0":0,"1":0,"2":0,"3":0,"4":0,"5":0},"f":{},"b":{}}
,"/home/victor/Новая Работа/Тестовое Спутник/todo-list-sputnik/src/components/Task/TaskViewMode/TaskViewMode.styles.ts": {"path":"/home/victor/Новая Работа/Тестовое Спутник/todo-list-sputnik/src/components/Task/TaskViewMode/TaskViewMode.styles.ts","statementMap":{"0":{"start":{"line":1,"column":0},"end":{"line":1,"column":30}},"1":{"start":{"line":2,"column":0},"end":{"line":2,"column":43}},"2":{"start":{"line":4,"column":20},"end":{"line":9,"column":2}},"3":{"start":{"line":92,"column":2},"end":{"line":92,"column":13}},"4":{"start":{"line":11,"column":20},"end":{"line":14,"column":2}},"5":{"start":{"line":93,"column":2},"end":{"line":93,"column":13}},"6":{"start":{"line":16,"column":20},"end":{"line":20,"column":2}},"7":{"start":{"line":94,"column":2},"end":{"line":94,"column":13}},"8":{"start":{"line":22,"column":15},"end":{"line":22,"column":26}},"9":{"start":{"line":95,"column":2},"end":{"line":95,"column":8}},"10":{"start":{"line":24,"column":20},"end":{"line":24,"column":30}},"11":{"start":{"line":96,"column":2},"end":{"line":96,"column":13}},"12":{"start":{"line":26,"column":20},"end":{"line":43,"column":2}},"13":{"start":{"line":97,"column":2},"end":{"line":97,"column":13}},"14":{"start":{"line":45,"column":19},"end":{"line":65,"column":2}},"15":{"start":{"line":98,"column":2},"end":{"line":98,"column":12}},"16":{"start":{"line":67,"column":19},"end":{"line":77,"column":2}},"17":{"start":{"line":99,"column":2},"end":{"line":99,"column":12}},"18":{"start":{"line":79,"column":21},"end":{"line":89,"column":2}},"19":{"start":{"line":100,"column":2},"end":{"line":100,"column":14}}},"fnMap":{},"branchMap":{},"s":{"0":0,"1":0,"2":0,"3":0,"4":0,"5":0,"6":0,"7":0,"8":0,"9":0,"10":0,"11":0,"12":0,"13":0,"14":0,"15":0,"16":0,"17":0,"18":0,"19":0},"f":{},"b":{}}
,"/home/victor/Новая Работа/Тестовое Спутник/todo-list-sputnik/src/components/TaskList/TaskList.styles.ts": {"path":"/home/victor/Новая Работа/Тестовое Спутник/todo-list-sputnik/src/components/TaskList/TaskList.styles.ts","statementMap":{"0":{"start":{"line":1,"column":0},"end":{"line":1,"column":43}},"1":{"start":{"line":3,"column":16},"end":{"line":6,"column":2}},"2":{"start":{"line":8,"column":9},"end":{"line":8,"column":16}}},"fnMap":{},"branchMap":{},"s":{"0":0,"1":0,"2":0},"f":{},"b":{}}
,"/home/victor/Новая Работа/Тестовое Спутник/todo-list-sputnik/src/constants/constants.ts": {"path":"/home/victor/Новая Работа/Тестовое Спутник/todo-list-sputnik/src/constants/constants.ts","statementMap":{"0":{"start":{"line":1,"column":0},"end":{"line":1,"column":null}},"1":{"start":{"line":12,"column":13},"end":{"line":17,"column":2}},"2":{"start":{"line":19,"column":13},"end":{"line":22,"column":2}},"3":{"start":{"line":24,"column":13},"end":{"line":24,"column":47}},"4":{"start":{"line":26,"column":13},"end":{"line":26,"column":37}}},"fnMap":{},"branchMap":{},"s":{"0":0,"1":0,"2":0,"3":0,"4":0},"f":{},"b":{}}
,"/home/victor/Новая Работа/Тестовое Спутник/todo-list-sputnik/src/constants/texts.ts": {"path":"/home/victor/Новая Работа/Тестовое Спутник/todo-list-sputnik/src/constants/texts.ts","statementMap":{"0":{"start":{"line":2,"column":13},"end":{"line":2,"column":35}},"1":{"start":{"line":3,"column":13},"end":{"line":3,"column":49}},"2":{"start":{"line":4,"column":13},"end":{"line":4,"column":56}},"3":{"start":{"line":5,"column":13},"end":{"line":5,"column":46}},"4":{"start":{"line":7,"column":13},"end":{"line":7,"column":35}},"5":{"start":{"line":8,"column":13},"end":{"line":8,"column":47}},"6":{"start":{"line":9,"column":13},"end":{"line":9,"column":54}},"7":{"start":{"line":10,"column":13},"end":{"line":10,"column":45}},"8":{"start":{"line":13,"column":13},"end":{"line":13,"column":61}},"9":{"start":{"line":14,"column":13},"end":{"line":14,"column":55}},"10":{"start":{"line":16,"column":13},"end":{"line":16,"column":61}},"11":{"start":{"line":17,"column":13},"end":{"line":17,"column":64}},"12":{"start":{"line":20,"column":13},"end":{"line":20,"column":40}},"13":{"start":{"line":21,"column":13},"end":{"line":21,"column":36}},"14":{"start":{"line":24,"column":13},"end":{"line":24,"column":37}},"15":{"start":{"line":25,"column":13},"end":{"line":25,"column":38}},"16":{"start":{"line":26,"column":13},"end":{"line":26,"column":40}},"17":{"start":{"line":29,"column":13},"end":{"line":30,"column":61}},"18":{"start":{"line":33,"column":13},"end":{"line":33,"column":50}},"19":{"start":{"line":36,"column":13},"end":{"line":36,"column":45}},"20":{"start":{"line":37,"column":13},"end":{"line":37,"column":50}},"21":{"start":{"line":38,"column":13},"end":{"line":38,"column":53}}},"fnMap":{},"branchMap":{},"s":{"0":0,"1":0,"2":0,"3":0,"4":0,"5":0,"6":0,"7":0,"8":0,"9":0,"10":0,"11":0,"12":0,"13":0,"14":0,"15":0,"16":0,"17":0,"18":0,"19":0,"20":0,"21":0},"f":{},"b":{}}
,"/home/victor/Новая Работа/Тестовое Спутник/todo-list-sputnik/src/hooks/useInfiniteScroll.ts": {"path":"/home/victor/Новая Работа/Тестовое Спутник/todo-list-sputnik/src/hooks/useInfiniteScroll.ts","statementMap":{"0":{"start":{"line":1,"column":0},"end":{"line":1,"column":42}},"1":{"start":{"line":2,"column":0},"end":{"line":2,"column":59}},"2":{"start":{"line":4,"column":26},"end":{"line":32,"column":1}},"3":{"start":{"line":9,"column":19},"end":{"line":9,"column":60}},"4":{"start":{"line":10,"column":25},"end":{"line":10,"column":59}},"5":{"start":{"line":12,"column":2},"end":{"line":29,"column":36}},"6":{"start":{"line":13,"column":4},"end":{"line":13,"column":56}},"7":{"start":{"line":13,"column":26},"end":{"line":13,"column":56}},"8":{"start":{"line":15,"column":4},"end":{"line":21,"column":7}},"9":{"start":{"line":16,"column":6},"end":{"line":20,"column":7}},"10":{"start":{"line":17,"column":8},"end":{"line":19,"column":18}},"11":{"start":{"line":18,"column":10},"end":{"line":18,"column":21}},"12":{"start":{"line":23,"column":4},"end":{"line":24,"column":55}},"13":{"start":{"line":24,"column":6},"end":{"line":24,"column":55}},"14":{"start":{"line":26,"column":4},"end":{"line":28,"column":6}},"15":{"start":{"line":27,"column":6},"end":{"line":27,"column":58}},"16":{"start":{"line":27,"column":28},"end":{"line":27,"column":58}},"17":{"start":{"line":31,"column":2},"end":{"line":31,"column":28}},"18":{"start":{"line":34,"column":0},"end":{"line":34,"column":33}}},"fnMap":{"0":{"name":"(anonymous_0)","decl":{"start":{"line":4,"column":26},"end":{"line":4,"column":null}},"loc":{"start":{"line":8,"column":4},"end":{"line":32,"column":1}}},"1":{"name":"(anonymous_1)","decl":{"start":{"line":12,"column":12},"end":{"line":12,"column":15}},"loc":{"start":{"line":12,"column":17},"end":{"line":29,"column":3}}},"2":{"name":"(anonymous_2)","decl":{"start":{"line":15,"column":48},"end":{"line":15,"column":49}},"loc":{"start":{"line":15,"column":60},"end":{"line":21,"column":5}}},"3":{"name":"(anonymous_3)","decl":{"start":{"line":17,"column":19},"end":{"line":17,"column":22}},"loc":{"start":{"line":17,"column":24},"end":{"line":19,"column":9}}},"4":{"name":"(anonymous_4)","decl":{"start":{"line":26,"column":11},"end":{"line":26,"column":14}},"loc":{"start":{"line":26,"column":16},"end":{"line":28,"column":5}}}},"branchMap":{"0":{"loc":{"start":{"line":7,"column":2},"end":{"line":7,"column":35}},"type":"default-arg","locations":[{"start":{"line":7,"column":18},"end":{"line":7,"column":35}}]},"1":{"loc":{"start":{"line":13,"column":4},"end":{"line":13,"column":56}},"type":"if","locations":[{"start":{"line":13,"column":4},"end":{"line":13,"column":56}}]},"2":{"loc":{"start":{"line":16,"column":6},"end":{"line":20,"column":7}},"type":"if","locations":[{"start":{"line":16,"column":6},"end":{"line":20,"column":7}}]},"3":{"loc":{"start":{"line":16,"column":10},"end":{"line":16,"column":50}},"type":"binary-expr","locations":[{"start":{"line":16,"column":10},"end":{"line":16,"column":35}},{"start":{"line":16,"column":39},"end":{"line":16,"column":50}}]},"4":{"loc":{"start":{"line":23,"column":4},"end":{"line":24,"column":55}},"type":"if","locations":[{"start":{"line":23,"column":4},"end":{"line":24,"column":55}}]},"5":{"loc":{"start":{"line":27,"column":6},"end":{"line":27,"column":58}},"type":"if","locations":[{"start":{"line":27,"column":6},"end":{"line":27,"column":58}}]}},"s":{"0":0,"1":0,"2":0,"3":0,"4":0,"5":0,"6":0,"7":0,"8":0,"9":0,"10":0,"11":0,"12":0,"13":0,"14":0,"15":0,"16":0,"17":0,"18":0},"f":{"0":0,"1":0,"2":0,"3":0,"4":0},"b":{"0":[0],"1":[0],"2":[0],"3":[0,0],"4":[0],"5":[0]}}
}
