TN:
SF:src/vite-env.d.ts
FNF:0
FNH:0
LF:0
LH:0
BRF:0
BRH:0
end_of_record
TN:
SF:src/components/App/App.styles.ts
FNF:0
FNH:0
DA:1,0
DA:3,0
DA:12,0
DA:24,0
LF:4
LH:0
BRF:0
BRH:0
end_of_record
TN:
SF:src/components/Header/Header.styles.ts
FNF:0
FNH:0
DA:1,0
DA:2,0
DA:4,0
DA:8,0
DA:38,0
LF:5
LH:0
BRF:0
BRH:0
end_of_record
TN:
SF:src/components/MainContent/MainContent.styles.ts
FNF:0
FNH:0
DA:1,0
DA:3,0
DA:10,0
DA:16,0
DA:25,0
LF:5
LH:0
BRF:0
BRH:0
end_of_record
TN:
SF:src/components/Task/Task.styles.ts
FNF:0
FNH:0
DA:1,0
DA:2,0
DA:4,0
DA:18,0
DA:25,0
DA:30,0
DA:32,0
DA:38,0
DA:40,0
DA:42,0
DA:61,0
DA:83,0
DA:95,0
DA:108,0
DA:109,0
DA:110,0
DA:111,0
DA:112,0
DA:113,0
DA:114,0
DA:115,0
DA:116,0
DA:117,0
DA:118,0
LF:24
LH:0
BRF:0
BRH:0
end_of_record
TN:
SF:src/components/Task/TaskCreateMode/TaskCreateMode.styles.ts
FNF:0
FNH:0
DA:1,0
DA:2,0
DA:4,0
DA:8,0
DA:14,0
LF:5
LH:0
BRF:0
BRH:0
end_of_record
TN:
SF:src/components/Task/TaskViewMode/TaskViewMode.styles.ts
FNF:0
FNH:0
DA:1,0
DA:2,0
DA:4,0
DA:11,0
DA:16,0
DA:22,0
DA:24,0
DA:26,0
DA:45,0
DA:67,0
DA:79,0
DA:92,0
DA:93,0
DA:94,0
DA:95,0
DA:96,0
DA:97,0
DA:98,0
DA:99,0
DA:100,0
LF:20
LH:0
BRF:0
BRH:0
end_of_record
TN:
SF:src/components/TaskList/TaskList.styles.ts
FNF:0
FNH:0
DA:1,0
DA:3,0
DA:8,0
LF:3
LH:0
BRF:0
BRH:0
end_of_record
TN:
SF:src/constants/constants.ts
FNF:0
FNH:0
DA:1,0
DA:12,0
DA:19,0
DA:24,0
DA:26,0
LF:5
LH:0
BRF:0
BRH:0
end_of_record
TN:
SF:src/constants/texts.ts
FNF:0
FNH:0
DA:2,0
DA:3,0
DA:4,0
DA:5,0
DA:7,0
DA:8,0
DA:9,0
DA:10,0
DA:13,0
DA:14,0
DA:16,0
DA:17,0
DA:20,0
DA:21,0
DA:24,0
DA:25,0
DA:26,0
DA:29,0
DA:33,0
DA:36,0
DA:37,0
DA:38,0
LF:22
LH:0
BRF:0
BRH:0
end_of_record
TN:
SF:src/hooks/useInfiniteScroll.ts
FN:4,(anonymous_0)
FN:12,(anonymous_1)
FN:15,(anonymous_2)
FN:17,(anonymous_3)
FN:26,(anonymous_4)
FNF:5
FNH:0
FNDA:0,(anonymous_0)
FNDA:0,(anonymous_1)
FNDA:0,(anonymous_2)
FNDA:0,(anonymous_3)
FNDA:0,(anonymous_4)
DA:1,0
DA:2,0
DA:4,0
DA:9,0
DA:10,0
DA:12,0
DA:13,0
DA:15,0
DA:16,0
DA:17,0
DA:18,0
DA:23,0
DA:24,0
DA:26,0
DA:27,0
DA:31,0
DA:34,0
LF:17
LH:0
BRDA:7,0,0,0
BRDA:13,1,0,0
BRDA:16,2,0,0
BRDA:16,3,0,0
BRDA:16,3,1,0
BRDA:23,4,0,0
BRDA:27,5,0,0
BRF:7
BRH:0
end_of_record
